<?xml version="1.0" encoding="UTF-8"?>
<testng-results ignored="0" total="1" passed="1" failed="0" skipped="0">
  <reporter-output>
  </reporter-output>
  <suite started-at="2025-01-29T10:13:26 IST" name="Default suite" finished-at="2025-01-29T10:13:30 IST" duration-ms="4146">
    <groups>
    </groups>
    <test started-at="2025-01-29T10:13:26 IST" name="Default test" finished-at="2025-01-29T10:13:30 IST" duration-ms="4146">
      <class name="autherization.DigestAuthTest2">
        <test-method signature="digestTest()[pri:0, instance:autherization.DigestAuthTest2@12468a38]" started-at="2025-01-29T10:13:26 IST" name="digestTest" finished-at="2025-01-29T10:13:30 IST" duration-ms="4083" status="PASS">
          <reporter-output>
          </reporter-output>
        </test-method> <!-- digestTest -->
      </class> <!-- autherization.DigestAuthTest2 -->
    </test> <!-- Default test -->
  </suite> <!-- Default suite -->
</testng-results>
